<!DOCTYPE html PUBLIC "-//W3C//DTD XHTML 1.1//EN" "http://www.w3.org/TR/xhtml11/DTD/xhtml11.dtd">
<html xmlns="http://www.w3.org/1999/xhtml">
<head>
<meta http-equiv="content-type" content="text/html; charset=UTF-8"/>
<title>TestNG Report</title>
<style type="text/css">table {margin-bottom:10px;border-collapse:collapse;empty-cells:show}th,td {border:1px solid #009;padding:.25em .5em}th {vertical-align:bottom}td {vertical-align:top}table a {font-weight:bold}.stripe td {background-color: #E6EBF9}.num {text-align:right}.passedodd td {background-color: #3F3}.passedeven td {background-color: #0A0}.skippedodd td {background-color: #DDD}.skippedeven td {background-color: #CCC}.failedodd td,.attn {background-color: #F33}.failedeven td,.stripe .attn {background-color: #D00}.stacktrace {white-space:pre;font-family:monospace}.totop {font-size:85%;text-align:center;border-bottom:2px solid #000}.invisible {display:none}</style>
</head>
<body>
<table>
<tr><th>Test</th><th># Passed</th><th># Skipped</th><th># Failed</th><th>Time (ms)</th><th>Included Groups</th><th>Excluded Groups</th></tr>
<tr><th colspan="7">Suite</th></tr>
<tr><td><a href="#t0">Test</a></td><td class="num">7</td><td class="num">0</td><td class="num attn">4</td><td class="num">185,648</td><td></td><td></td></tr>
</table>
<table id='summary'><thead><tr><th>Class</th><th>Method</th><th>Start</th><th>Time (ms)</th></tr></thead><tbody><tr><th colspan="4">Suite</th></tr></tbody><tbody id="t0"><tr><th colspan="4">Test &#8212; failed</th></tr><tr class="failedeven"><td rowspan="4">com.qaclickacademy.TestCases.LandingPageTestCases</td><td><a href="#m0">verifyAboutPage</a></td><td rowspan="1">1540668360944</td><td rowspan="1">2420</td></tr><tr class="failedeven"><td><a href="#m1">verifyLoginPage</a></td><td rowspan="1">1540668409728</td><td rowspan="1">408</td></tr><tr class="failedeven"><td><a href="#m2">verifyPractisePage</a></td><td rowspan="1">1540668326353</td><td rowspan="1">5985</td></tr><tr class="failedeven"><td><a href="#m3">verifyVideoPage</a></td><td rowspan="1">1540668295802</td><td rowspan="1">2313</td></tr><tr><th colspan="4">Test &#8212; passed</th></tr><tr class="passedeven"><td rowspan="6">com.qaclickacademy.TestCases.LandingPageTestCases</td><td><a href="#m4">verifyBlogPage</a></td><td rowspan="1">1540668344746</td><td rowspan="1">3536</td></tr><tr class="passedeven"><td><a href="#m5">verifyContactPage</a></td><td rowspan="1">1540668374896</td><td rowspan="1">3882</td></tr><tr class="passedeven"><td><a href="#m6">verifyCoursePage</a></td><td rowspan="1">1540668276746</td><td rowspan="1">6504</td></tr><tr class="passedeven"><td><a href="#m7">verifyHomePage</a></td><td rowspan="1">1540668261758</td><td rowspan="1">2801</td></tr><tr class="passedeven"><td><a href="#m8">verifyInterviewGuidePage</a></td><td rowspan="1">1540668311190</td><td rowspan="1">2668</td></tr><tr class="passedeven"><td><a href="#m9">verifyRegisterPage</a></td><td rowspan="1">1540668391838</td><td rowspan="1">2832</td></tr><tr class="passedodd"><td rowspan="1">com.qaclickacademy.TestCases.LoginPageTestCases</td><td><a href="#m10">loginPageVerification</a></td><td rowspan="1">1540668242479</td><td rowspan="1">6488</td></tr></tbody>
</table>
<h2>Test</h2><h3 id="m0">com.qaclickacademy.TestCases.LandingPageTestCases#verifyAboutPage</h3><table class="result"><tr><th>Exception</th></tr><tr><td><div class="stacktrace">java.lang.AssertionError: expected [QAClick Academy | About Us123] but found [QAClick Academy | About Us]
	at com.qaclickacademy.TestCases.LandingPageTestCases.verifyAboutPage(LandingPageTestCases.java:132)
... Removed 31 stack frames</div></td></tr></table><p class="totop"><a href="#summary">back to summary</a></p>
<h3 id="m1">com.qaclickacademy.TestCases.LandingPageTestCases#verifyLoginPage</h3><table class="result"><tr><th>Exception</th></tr><tr><td><div class="stacktrace">org.openqa.selenium.WebDriverException: unknown error: Element &lt;span&gt;...&lt;/span&gt; is not clickable at point (1505, 15). Other element would receive the click: &lt;div class=&quot;listbuilder-popup-content&quot;&gt;...&lt;/div&gt;
  (Session info: chrome=69.0.3497.100)
  (Driver info: chromedriver=2.40.565498 (ea082db3280dd6843ebfb08a625e3eb905c4f5ab),platform=Windows NT 10.0.17134 x86_64) (WARNING: The server did not provide any stacktrace information)
Command duration or timeout: 0 milliseconds
Build info: version: &apos;3.9.1&apos;, revision: &apos;63f7b50&apos;, time: &apos;2018-02-07T22:42:28.403Z&apos;
System info: host: &apos;DESKTOP-7VP1M3O&apos;, ip: &apos;192.168.1.26&apos;, os.name: &apos;Windows 10&apos;, os.arch: &apos;amd64&apos;, os.version: &apos;10.0&apos;, java.version: &apos;1.8.0_181&apos;
Driver info: org.openqa.selenium.chrome.ChromeDriver
Capabilities {acceptInsecureCerts: false, acceptSslCerts: false, applicationCacheEnabled: false, browserConnectionEnabled: false, browserName: chrome, chrome: {chromedriverVersion: 2.40.565498 (ea082db3280dd6..., userDataDir: C:\Users\SERAJI~1\AppData\L...}, cssSelectorsEnabled: true, databaseEnabled: false, handlesAlerts: true, hasTouchScreen: false, javascriptEnabled: true, locationContextEnabled: true, mobileEmulationEnabled: false, nativeEvents: true, networkConnectionEnabled: false, pageLoadStrategy: normal, platform: XP, platformName: XP, rotatable: false, setWindowRect: true, takesHeapSnapshot: true, takesScreenshot: true, unexpectedAlertBehaviour: , unhandledPromptBehavior: , version: 69.0.3497.100, webStorageEnabled: true}
Session ID: c075194825ef4fb49f24354fe3f69635
	at org.openqa.selenium.remote.ErrorHandler.createThrowable(ErrorHandler.java:214)
	at org.openqa.selenium.remote.ErrorHandler.throwIfResponseFailed(ErrorHandler.java:166)
	at org.openqa.selenium.remote.http.JsonHttpResponseCodec.reconstructValue(JsonHttpResponseCodec.java:40)
	at org.openqa.selenium.remote.http.AbstractHttpResponseCodec.decode(AbstractHttpResponseCodec.java:80)
	at org.openqa.selenium.remote.http.AbstractHttpResponseCodec.decode(AbstractHttpResponseCodec.java:44)
	at org.openqa.selenium.remote.HttpCommandExecutor.execute(HttpCommandExecutor.java:160)
	at org.openqa.selenium.remote.service.DriverCommandExecutor.execute(DriverCommandExecutor.java:83)
	at org.openqa.selenium.remote.RemoteWebDriver.execute(RemoteWebDriver.java:601)
	at org.openqa.selenium.remote.RemoteWebElement.execute(RemoteWebElement.java:279)
	at org.openqa.selenium.remote.RemoteWebElement.click(RemoteWebElement.java:83)
	at com.qaclickacademy.TestCases.LandingPageTestCases.verifyLoginPage(LandingPageTestCases.java:159)
... Removed 29 stack frames</div></td></tr></table><p class="totop"><a href="#summary">back to summary</a></p>
<h3 id="m2">com.qaclickacademy.TestCases.LandingPageTestCases#verifyPractisePage</h3><table class="result"><tr><th>Exception</th></tr><tr><td><div class="stacktrace">java.lang.AssertionError: expected [Practice Page12345] but found [Practice Page]
	at com.qaclickacademy.TestCases.LandingPageTestCases.verifyPractisePage(LandingPageTestCases.java:111)
... Removed 31 stack frames</div></td></tr></table><p class="totop"><a href="#summary">back to summary</a></p>
<h3 id="m3">com.qaclickacademy.TestCases.LandingPageTestCases#verifyVideoPage</h3><table class="result"><tr><th>Exception</th></tr><tr><td><div class="stacktrace">java.lang.AssertionError: expected [QAClick Academy | Video Galery123] but found [QAClick Academy | Video Galery]
	at com.qaclickacademy.TestCases.LandingPageTestCases.verifyVideoPage(LandingPageTestCases.java:91)
... Removed 31 stack frames</div></td></tr></table><p class="totop"><a href="#summary">back to summary</a></p>
<h3 id="m4">com.qaclickacademy.TestCases.LandingPageTestCases#verifyBlogPage</h3><table class="result"><tr><th class="invisible"/></tr></table><p class="totop"><a href="#summary">back to summary</a></p>
<h3 id="m5">com.qaclickacademy.TestCases.LandingPageTestCases#verifyContactPage</h3><table class="result"><tr><th class="invisible"/></tr></table><p class="totop"><a href="#summary">back to summary</a></p>
<h3 id="m6">com.qaclickacademy.TestCases.LandingPageTestCases#verifyCoursePage</h3><table class="result"><tr><th class="invisible"/></tr></table><p class="totop"><a href="#summary">back to summary</a></p>
<h3 id="m7">com.qaclickacademy.TestCases.LandingPageTestCases#verifyHomePage</h3><table class="result"><tr><th class="invisible"/></tr></table><p class="totop"><a href="#summary">back to summary</a></p>
<h3 id="m8">com.qaclickacademy.TestCases.LandingPageTestCases#verifyInterviewGuidePage</h3><table class="result"><tr><th class="invisible"/></tr></table><p class="totop"><a href="#summary">back to summary</a></p>
<h3 id="m9">com.qaclickacademy.TestCases.LandingPageTestCases#verifyRegisterPage</h3><table class="result"><tr><th class="invisible"/></tr></table><p class="totop"><a href="#summary">back to summary</a></p>
<h3 id="m10">com.qaclickacademy.TestCases.LoginPageTestCases#loginPageVerification</h3><table class="result"><tr><th class="invisible"/></tr></table><p class="totop"><a href="#summary">back to summary</a></p>
</body>
</html>
