<?xml version="1.0" encoding="UTF-8"?>
<testng-results skipped="0" failed="4" ignored="2" total="13" passed="7">
  <reporter-output>
  </reporter-output>
  <suite name="Suite" duration-ms="185648" started-at="2018-10-27T19:23:45Z" finished-at="2018-10-27T19:26:51Z">
    <groups>
    </groups>
    <test name="Test" duration-ms="185648" started-at="2018-10-27T19:23:45Z" finished-at="2018-10-27T19:26:51Z">
      <class name="com.qaclickacademy.TestCases.LandingPageTestCases">
        <test-method status="PASS" signature="setUp()[pri:0, instance:com.qaclickacademy.TestCases.LandingPageTestCases@b62d79]" name="setUp" is-config="true" duration-ms="11964" started-at="2018-10-27T19:24:09Z" finished-at="2018-10-27T19:24:21Z">
          <reporter-output>
          </reporter-output>
        </test-method> <!-- setUp -->
        <test-method status="PASS" signature="verifyHomePage()[pri:1, instance:com.qaclickacademy.TestCases.LandingPageTestCases@b62d79]" name="verifyHomePage" duration-ms="2801" started-at="2018-10-27T19:24:21Z" finished-at="2018-10-27T19:24:24Z">
          <reporter-output>
          </reporter-output>
        </test-method> <!-- verifyHomePage -->
        <test-method status="PASS" signature="tearDown(org.testng.ITestResult)[pri:0, instance:com.qaclickacademy.TestCases.LandingPageTestCases@b62d79]" name="tearDown" is-config="true" duration-ms="758" started-at="2018-10-27T19:24:24Z" finished-at="2018-10-27T19:24:25Z">
          <params>
            <param index="0">
              <value>
                <![CDATA[[TestResult name=verifyHomePage status=SUCCESS method=LandingPageTestCases.verifyHomePage()[pri:1, instance:com.qaclickacademy.TestCases.LandingPageTestCases@b62d79] output={null}]]]>
              </value>
            </param>
          </params>
          <reporter-output>
          </reporter-output>
        </test-method> <!-- tearDown -->
        <test-method status="PASS" signature="setUp()[pri:0, instance:com.qaclickacademy.TestCases.LandingPageTestCases@b62d79]" name="setUp" is-config="true" duration-ms="11427" started-at="2018-10-27T19:24:25Z" finished-at="2018-10-27T19:24:36Z">
          <reporter-output>
          </reporter-output>
        </test-method> <!-- setUp -->
        <test-method status="PASS" signature="verifyCoursePage()[pri:2, instance:com.qaclickacademy.TestCases.LandingPageTestCases@b62d79]" name="verifyCoursePage" duration-ms="6504" started-at="2018-10-27T19:24:36Z" finished-at="2018-10-27T19:24:43Z">
          <reporter-output>
          </reporter-output>
        </test-method> <!-- verifyCoursePage -->
        <test-method status="PASS" signature="tearDown(org.testng.ITestResult)[pri:0, instance:com.qaclickacademy.TestCases.LandingPageTestCases@b62d79]" name="tearDown" is-config="true" duration-ms="749" started-at="2018-10-27T19:24:43Z" finished-at="2018-10-27T19:24:44Z">
          <params>
            <param index="0">
              <value>
                <![CDATA[[TestResult name=verifyCoursePage status=SUCCESS method=LandingPageTestCases.verifyCoursePage()[pri:2, instance:com.qaclickacademy.TestCases.LandingPageTestCases@b62d79] output={null}]]]>
              </value>
            </param>
          </params>
          <reporter-output>
          </reporter-output>
        </test-method> <!-- tearDown -->
        <test-method status="PASS" signature="setUp()[pri:0, instance:com.qaclickacademy.TestCases.LandingPageTestCases@b62d79]" name="setUp" is-config="true" duration-ms="11801" started-at="2018-10-27T19:24:44Z" finished-at="2018-10-27T19:24:55Z">
          <reporter-output>
          </reporter-output>
        </test-method> <!-- setUp -->
        <test-method status="FAIL" signature="verifyVideoPage()[pri:3, instance:com.qaclickacademy.TestCases.LandingPageTestCases@b62d79]" name="verifyVideoPage" duration-ms="2313" started-at="2018-10-27T19:24:55Z" finished-at="2018-10-27T19:24:58Z">
          <exception class="java.lang.AssertionError">
            <message>
              <![CDATA[expected [QAClick Academy | Video Galery123] but found [QAClick Academy | Video Galery]]]>
            </message>
            <full-stacktrace>
              <![CDATA[java.lang.AssertionError: expected [QAClick Academy | Video Galery123] but found [QAClick Academy | Video Galery]
at org.testng.Assert.fail(Assert.java:96)
at org.testng.Assert.failNotEquals(Assert.java:776)
at org.testng.Assert.assertEqualsImpl(Assert.java:137)
at org.testng.Assert.assertEquals(Assert.java:118)
at org.testng.Assert.assertEquals(Assert.java:453)
at org.testng.Assert.assertEquals(Assert.java:463)
at com.qaclickacademy.TestCases.LandingPageTestCases.verifyVideoPage(LandingPageTestCases.java:91)
at sun.reflect.NativeMethodAccessorImpl.invoke0(Native Method)
at sun.reflect.NativeMethodAccessorImpl.invoke(Unknown Source)
at sun.reflect.DelegatingMethodAccessorImpl.invoke(Unknown Source)
at java.lang.reflect.Method.invoke(Unknown Source)
at org.testng.internal.MethodInvocationHelper.invokeMethod(MethodInvocationHelper.java:124)
at org.testng.internal.Invoker.invokeMethod(Invoker.java:580)
at org.testng.internal.Invoker.invokeTestMethod(Invoker.java:716)
at org.testng.internal.Invoker.invokeTestMethods(Invoker.java:988)
at org.testng.internal.TestMethodWorker.invokeTestMethods(TestMethodWorker.java:125)
at org.testng.internal.TestMethodWorker.run(TestMethodWorker.java:109)
at org.testng.TestRunner.privateRun(TestRunner.java:648)
at org.testng.TestRunner.run(TestRunner.java:505)
at org.testng.SuiteRunner.runTest(SuiteRunner.java:455)
at org.testng.SuiteRunner.runSequentially(SuiteRunner.java:450)
at org.testng.SuiteRunner.privateRun(SuiteRunner.java:415)
at org.testng.SuiteRunner.run(SuiteRunner.java:364)
at org.testng.SuiteRunnerWorker.runSuite(SuiteRunnerWorker.java:52)
at org.testng.SuiteRunnerWorker.run(SuiteRunnerWorker.java:84)
at org.testng.TestNG.runSuitesSequentially(TestNG.java:1208)
at org.testng.TestNG.runSuitesLocally(TestNG.java:1137)
at org.testng.TestNG.runSuites(TestNG.java:1049)
at org.testng.TestNG.run(TestNG.java:1017)
at org.testng.remote.AbstractRemoteTestNG.run(AbstractRemoteTestNG.java:114)
at org.testng.remote.RemoteTestNG.initAndRun(RemoteTestNG.java:251)
at org.testng.remote.RemoteTestNG.main(RemoteTestNG.java:77)
]]>
            </full-stacktrace>
          </exception> <!-- java.lang.AssertionError -->
          <reporter-output>
          </reporter-output>
        </test-method> <!-- verifyVideoPage -->
        <test-method status="PASS" signature="tearDown(org.testng.ITestResult)[pri:0, instance:com.qaclickacademy.TestCases.LandingPageTestCases@b62d79]" name="tearDown" is-config="true" duration-ms="1276" started-at="2018-10-27T19:24:58Z" finished-at="2018-10-27T19:24:59Z">
          <params>
            <param index="0">
              <value>
                <![CDATA[[TestResult name=verifyVideoPage status=FAILURE method=LandingPageTestCases.verifyVideoPage()[pri:3, instance:com.qaclickacademy.TestCases.LandingPageTestCases@b62d79] output={null}]]]>
              </value>
            </param>
          </params>
          <reporter-output>
          </reporter-output>
        </test-method> <!-- tearDown -->
        <test-method status="PASS" signature="setUp()[pri:0, instance:com.qaclickacademy.TestCases.LandingPageTestCases@b62d79]" name="setUp" is-config="true" duration-ms="11796" started-at="2018-10-27T19:24:59Z" finished-at="2018-10-27T19:25:11Z">
          <reporter-output>
          </reporter-output>
        </test-method> <!-- setUp -->
        <test-method status="PASS" signature="verifyInterviewGuidePage()[pri:4, instance:com.qaclickacademy.TestCases.LandingPageTestCases@b62d79]" name="verifyInterviewGuidePage" duration-ms="2668" started-at="2018-10-27T19:25:11Z" finished-at="2018-10-27T19:25:13Z">
          <reporter-output>
          </reporter-output>
        </test-method> <!-- verifyInterviewGuidePage -->
        <test-method status="PASS" signature="tearDown(org.testng.ITestResult)[pri:0, instance:com.qaclickacademy.TestCases.LandingPageTestCases@b62d79]" name="tearDown" is-config="true" duration-ms="760" started-at="2018-10-27T19:25:13Z" finished-at="2018-10-27T19:25:14Z">
          <params>
            <param index="0">
              <value>
                <![CDATA[[TestResult name=verifyInterviewGuidePage status=SUCCESS method=LandingPageTestCases.verifyInterviewGuidePage()[pri:4, instance:com.qaclickacademy.TestCases.LandingPageTestCases@b62d79] output={null}]]]>
              </value>
            </param>
          </params>
          <reporter-output>
          </reporter-output>
        </test-method> <!-- tearDown -->
        <test-method status="PASS" signature="setUp()[pri:0, instance:com.qaclickacademy.TestCases.LandingPageTestCases@b62d79]" name="setUp" is-config="true" duration-ms="11734" started-at="2018-10-27T19:25:14Z" finished-at="2018-10-27T19:25:26Z">
          <reporter-output>
          </reporter-output>
        </test-method> <!-- setUp -->
        <test-method status="FAIL" signature="verifyPractisePage()[pri:5, instance:com.qaclickacademy.TestCases.LandingPageTestCases@b62d79]" name="verifyPractisePage" duration-ms="5985" started-at="2018-10-27T19:25:26Z" finished-at="2018-10-27T19:25:32Z">
          <exception class="java.lang.AssertionError">
            <message>
              <![CDATA[expected [Practice Page12345] but found [Practice Page]]]>
            </message>
            <full-stacktrace>
              <![CDATA[java.lang.AssertionError: expected [Practice Page12345] but found [Practice Page]
at org.testng.Assert.fail(Assert.java:96)
at org.testng.Assert.failNotEquals(Assert.java:776)
at org.testng.Assert.assertEqualsImpl(Assert.java:137)
at org.testng.Assert.assertEquals(Assert.java:118)
at org.testng.Assert.assertEquals(Assert.java:453)
at org.testng.Assert.assertEquals(Assert.java:463)
at com.qaclickacademy.TestCases.LandingPageTestCases.verifyPractisePage(LandingPageTestCases.java:111)
at sun.reflect.NativeMethodAccessorImpl.invoke0(Native Method)
at sun.reflect.NativeMethodAccessorImpl.invoke(Unknown Source)
at sun.reflect.DelegatingMethodAccessorImpl.invoke(Unknown Source)
at java.lang.reflect.Method.invoke(Unknown Source)
at org.testng.internal.MethodInvocationHelper.invokeMethod(MethodInvocationHelper.java:124)
at org.testng.internal.Invoker.invokeMethod(Invoker.java:580)
at org.testng.internal.Invoker.invokeTestMethod(Invoker.java:716)
at org.testng.internal.Invoker.invokeTestMethods(Invoker.java:988)
at org.testng.internal.TestMethodWorker.invokeTestMethods(TestMethodWorker.java:125)
at org.testng.internal.TestMethodWorker.run(TestMethodWorker.java:109)
at org.testng.TestRunner.privateRun(TestRunner.java:648)
at org.testng.TestRunner.run(TestRunner.java:505)
at org.testng.SuiteRunner.runTest(SuiteRunner.java:455)
at org.testng.SuiteRunner.runSequentially(SuiteRunner.java:450)
at org.testng.SuiteRunner.privateRun(SuiteRunner.java:415)
at org.testng.SuiteRunner.run(SuiteRunner.java:364)
at org.testng.SuiteRunnerWorker.runSuite(SuiteRunnerWorker.java:52)
at org.testng.SuiteRunnerWorker.run(SuiteRunnerWorker.java:84)
at org.testng.TestNG.runSuitesSequentially(TestNG.java:1208)
at org.testng.TestNG.runSuitesLocally(TestNG.java:1137)
at org.testng.TestNG.runSuites(TestNG.java:1049)
at org.testng.TestNG.run(TestNG.java:1017)
at org.testng.remote.AbstractRemoteTestNG.run(AbstractRemoteTestNG.java:114)
at org.testng.remote.RemoteTestNG.initAndRun(RemoteTestNG.java:251)
at org.testng.remote.RemoteTestNG.main(RemoteTestNG.java:77)
]]>
            </full-stacktrace>
          </exception> <!-- java.lang.AssertionError -->
          <reporter-output>
          </reporter-output>
        </test-method> <!-- verifyPractisePage -->
        <test-method status="PASS" signature="tearDown(org.testng.ITestResult)[pri:0, instance:com.qaclickacademy.TestCases.LandingPageTestCases@b62d79]" name="tearDown" is-config="true" duration-ms="1116" started-at="2018-10-27T19:25:32Z" finished-at="2018-10-27T19:25:33Z">
          <params>
            <param index="0">
              <value>
                <![CDATA[[TestResult name=verifyPractisePage status=FAILURE method=LandingPageTestCases.verifyPractisePage()[pri:5, instance:com.qaclickacademy.TestCases.LandingPageTestCases@b62d79] output={null}]]]>
              </value>
            </param>
          </params>
          <reporter-output>
          </reporter-output>
        </test-method> <!-- tearDown -->
        <test-method status="PASS" signature="setUp()[pri:0, instance:com.qaclickacademy.TestCases.LandingPageTestCases@b62d79]" name="setUp" is-config="true" duration-ms="11289" started-at="2018-10-27T19:25:33Z" finished-at="2018-10-27T19:25:44Z">
          <reporter-output>
          </reporter-output>
        </test-method> <!-- setUp -->
        <test-method status="PASS" signature="verifyBlogPage()[pri:6, instance:com.qaclickacademy.TestCases.LandingPageTestCases@b62d79]" name="verifyBlogPage" duration-ms="3536" started-at="2018-10-27T19:25:44Z" finished-at="2018-10-27T19:25:48Z">
          <reporter-output>
          </reporter-output>
        </test-method> <!-- verifyBlogPage -->
        <test-method status="PASS" signature="tearDown(org.testng.ITestResult)[pri:0, instance:com.qaclickacademy.TestCases.LandingPageTestCases@b62d79]" name="tearDown" is-config="true" duration-ms="746" started-at="2018-10-27T19:25:48Z" finished-at="2018-10-27T19:25:49Z">
          <params>
            <param index="0">
              <value>
                <![CDATA[[TestResult name=verifyBlogPage status=SUCCESS method=LandingPageTestCases.verifyBlogPage()[pri:6, instance:com.qaclickacademy.TestCases.LandingPageTestCases@b62d79] output={null}]]]>
              </value>
            </param>
          </params>
          <reporter-output>
          </reporter-output>
        </test-method> <!-- tearDown -->
        <test-method status="PASS" signature="setUp()[pri:0, instance:com.qaclickacademy.TestCases.LandingPageTestCases@b62d79]" name="setUp" is-config="true" duration-ms="11913" started-at="2018-10-27T19:25:49Z" finished-at="2018-10-27T19:26:00Z">
          <reporter-output>
          </reporter-output>
        </test-method> <!-- setUp -->
        <test-method status="FAIL" signature="verifyAboutPage()[pri:7, instance:com.qaclickacademy.TestCases.LandingPageTestCases@b62d79]" name="verifyAboutPage" duration-ms="2420" started-at="2018-10-27T19:26:00Z" finished-at="2018-10-27T19:26:03Z">
          <exception class="java.lang.AssertionError">
            <message>
              <![CDATA[expected [QAClick Academy | About Us123] but found [QAClick Academy | About Us]]]>
            </message>
            <full-stacktrace>
              <![CDATA[java.lang.AssertionError: expected [QAClick Academy | About Us123] but found [QAClick Academy | About Us]
at org.testng.Assert.fail(Assert.java:96)
at org.testng.Assert.failNotEquals(Assert.java:776)
at org.testng.Assert.assertEqualsImpl(Assert.java:137)
at org.testng.Assert.assertEquals(Assert.java:118)
at org.testng.Assert.assertEquals(Assert.java:453)
at org.testng.Assert.assertEquals(Assert.java:463)
at com.qaclickacademy.TestCases.LandingPageTestCases.verifyAboutPage(LandingPageTestCases.java:132)
at sun.reflect.NativeMethodAccessorImpl.invoke0(Native Method)
at sun.reflect.NativeMethodAccessorImpl.invoke(Unknown Source)
at sun.reflect.DelegatingMethodAccessorImpl.invoke(Unknown Source)
at java.lang.reflect.Method.invoke(Unknown Source)
at org.testng.internal.MethodInvocationHelper.invokeMethod(MethodInvocationHelper.java:124)
at org.testng.internal.Invoker.invokeMethod(Invoker.java:580)
at org.testng.internal.Invoker.invokeTestMethod(Invoker.java:716)
at org.testng.internal.Invoker.invokeTestMethods(Invoker.java:988)
at org.testng.internal.TestMethodWorker.invokeTestMethods(TestMethodWorker.java:125)
at org.testng.internal.TestMethodWorker.run(TestMethodWorker.java:109)
at org.testng.TestRunner.privateRun(TestRunner.java:648)
at org.testng.TestRunner.run(TestRunner.java:505)
at org.testng.SuiteRunner.runTest(SuiteRunner.java:455)
at org.testng.SuiteRunner.runSequentially(SuiteRunner.java:450)
at org.testng.SuiteRunner.privateRun(SuiteRunner.java:415)
at org.testng.SuiteRunner.run(SuiteRunner.java:364)
at org.testng.SuiteRunnerWorker.runSuite(SuiteRunnerWorker.java:52)
at org.testng.SuiteRunnerWorker.run(SuiteRunnerWorker.java:84)
at org.testng.TestNG.runSuitesSequentially(TestNG.java:1208)
at org.testng.TestNG.runSuitesLocally(TestNG.java:1137)
at org.testng.TestNG.runSuites(TestNG.java:1049)
at org.testng.TestNG.run(TestNG.java:1017)
at org.testng.remote.AbstractRemoteTestNG.run(AbstractRemoteTestNG.java:114)
at org.testng.remote.RemoteTestNG.initAndRun(RemoteTestNG.java:251)
at org.testng.remote.RemoteTestNG.main(RemoteTestNG.java:77)
]]>
            </full-stacktrace>
          </exception> <!-- java.lang.AssertionError -->
          <reporter-output>
          </reporter-output>
        </test-method> <!-- verifyAboutPage -->
        <test-method status="PASS" signature="tearDown(org.testng.ITestResult)[pri:0, instance:com.qaclickacademy.TestCases.LandingPageTestCases@b62d79]" name="tearDown" is-config="true" duration-ms="1126" started-at="2018-10-27T19:26:03Z" finished-at="2018-10-27T19:26:04Z">
          <params>
            <param index="0">
              <value>
                <![CDATA[[TestResult name=verifyAboutPage status=FAILURE method=LandingPageTestCases.verifyAboutPage()[pri:7, instance:com.qaclickacademy.TestCases.LandingPageTestCases@b62d79] output={null}]]]>
              </value>
            </param>
          </params>
          <reporter-output>
          </reporter-output>
        </test-method> <!-- tearDown -->
        <test-method status="PASS" signature="setUp()[pri:0, instance:com.qaclickacademy.TestCases.LandingPageTestCases@b62d79]" name="setUp" is-config="true" duration-ms="10403" started-at="2018-10-27T19:26:04Z" finished-at="2018-10-27T19:26:14Z">
          <reporter-output>
          </reporter-output>
        </test-method> <!-- setUp -->
        <test-method status="PASS" signature="verifyContactPage()[pri:8, instance:com.qaclickacademy.TestCases.LandingPageTestCases@b62d79]" name="verifyContactPage" duration-ms="3882" started-at="2018-10-27T19:26:14Z" finished-at="2018-10-27T19:26:18Z">
          <reporter-output>
          </reporter-output>
        </test-method> <!-- verifyContactPage -->
        <test-method status="PASS" signature="tearDown(org.testng.ITestResult)[pri:0, instance:com.qaclickacademy.TestCases.LandingPageTestCases@b62d79]" name="tearDown" is-config="true" duration-ms="734" started-at="2018-10-27T19:26:18Z" finished-at="2018-10-27T19:26:19Z">
          <params>
            <param index="0">
              <value>
                <![CDATA[[TestResult name=verifyContactPage status=SUCCESS method=LandingPageTestCases.verifyContactPage()[pri:8, instance:com.qaclickacademy.TestCases.LandingPageTestCases@b62d79] output={null}]]]>
              </value>
            </param>
          </params>
          <reporter-output>
          </reporter-output>
        </test-method> <!-- tearDown -->
        <test-method status="PASS" signature="setUp()[pri:0, instance:com.qaclickacademy.TestCases.LandingPageTestCases@b62d79]" name="setUp" is-config="true" duration-ms="12320" started-at="2018-10-27T19:26:19Z" finished-at="2018-10-27T19:26:31Z">
          <reporter-output>
          </reporter-output>
        </test-method> <!-- setUp -->
        <test-method status="PASS" signature="verifyRegisterPage()[pri:9, instance:com.qaclickacademy.TestCases.LandingPageTestCases@b62d79]" name="verifyRegisterPage" duration-ms="2832" started-at="2018-10-27T19:26:31Z" finished-at="2018-10-27T19:26:34Z">
          <reporter-output>
          </reporter-output>
        </test-method> <!-- verifyRegisterPage -->
        <test-method status="PASS" signature="tearDown(org.testng.ITestResult)[pri:0, instance:com.qaclickacademy.TestCases.LandingPageTestCases@b62d79]" name="tearDown" is-config="true" duration-ms="748" started-at="2018-10-27T19:26:34Z" finished-at="2018-10-27T19:26:35Z">
          <params>
            <param index="0">
              <value>
                <![CDATA[[TestResult name=verifyRegisterPage status=SUCCESS method=LandingPageTestCases.verifyRegisterPage()[pri:9, instance:com.qaclickacademy.TestCases.LandingPageTestCases@b62d79] output={null}]]]>
              </value>
            </param>
          </params>
          <reporter-output>
          </reporter-output>
        </test-method> <!-- tearDown -->
        <test-method status="PASS" signature="setUp()[pri:0, instance:com.qaclickacademy.TestCases.LandingPageTestCases@b62d79]" name="setUp" is-config="true" duration-ms="14307" started-at="2018-10-27T19:26:35Z" finished-at="2018-10-27T19:26:49Z">
          <reporter-output>
          </reporter-output>
        </test-method> <!-- setUp -->
        <test-method status="FAIL" signature="verifyLoginPage()[pri:10, instance:com.qaclickacademy.TestCases.LandingPageTestCases@b62d79]" name="verifyLoginPage" duration-ms="408" started-at="2018-10-27T19:26:49Z" finished-at="2018-10-27T19:26:50Z">
          <exception class="org.openqa.selenium.WebDriverException">
            <message>
              <![CDATA[unknown error: Element <span>...</span> is not clickable at point (1505, 15). Other element would receive the click: <div class="listbuilder-popup-content">...</div>
  (Session info: chrome=69.0.3497.100)
  (Driver info: chromedriver=2.40.565498 (ea082db3280dd6843ebfb08a625e3eb905c4f5ab),platform=Windows NT 10.0.17134 x86_64) (WARNING: The server did not provide any stacktrace information)
Command duration or timeout: 0 milliseconds
Build info: version: '3.9.1', revision: '63f7b50', time: '2018-02-07T22:42:28.403Z'
System info: host: 'DESKTOP-7VP1M3O', ip: '192.168.1.26', os.name: 'Windows 10', os.arch: 'amd64', os.version: '10.0', java.version: '1.8.0_181'
Driver info: org.openqa.selenium.chrome.ChromeDriver
Capabilities {acceptInsecureCerts: false, acceptSslCerts: false, applicationCacheEnabled: false, browserConnectionEnabled: false, browserName: chrome, chrome: {chromedriverVersion: 2.40.565498 (ea082db3280dd6..., userDataDir: C:\Users\SERAJI~1\AppData\L...}, cssSelectorsEnabled: true, databaseEnabled: false, handlesAlerts: true, hasTouchScreen: false, javascriptEnabled: true, locationContextEnabled: true, mobileEmulationEnabled: false, nativeEvents: true, networkConnectionEnabled: false, pageLoadStrategy: normal, platform: XP, platformName: XP, rotatable: false, setWindowRect: true, takesHeapSnapshot: true, takesScreenshot: true, unexpectedAlertBehaviour: , unhandledPromptBehavior: , version: 69.0.3497.100, webStorageEnabled: true}
Session ID: c075194825ef4fb49f24354fe3f69635]]>
            </message>
            <full-stacktrace>
              <![CDATA[org.openqa.selenium.WebDriverException: unknown error: Element <span>...</span> is not clickable at point (1505, 15). Other element would receive the click: <div class="listbuilder-popup-content">...</div>
  (Session info: chrome=69.0.3497.100)
  (Driver info: chromedriver=2.40.565498 (ea082db3280dd6843ebfb08a625e3eb905c4f5ab),platform=Windows NT 10.0.17134 x86_64) (WARNING: The server did not provide any stacktrace information)
Command duration or timeout: 0 milliseconds
Build info: version: '3.9.1', revision: '63f7b50', time: '2018-02-07T22:42:28.403Z'
System info: host: 'DESKTOP-7VP1M3O', ip: '192.168.1.26', os.name: 'Windows 10', os.arch: 'amd64', os.version: '10.0', java.version: '1.8.0_181'
Driver info: org.openqa.selenium.chrome.ChromeDriver
Capabilities {acceptInsecureCerts: false, acceptSslCerts: false, applicationCacheEnabled: false, browserConnectionEnabled: false, browserName: chrome, chrome: {chromedriverVersion: 2.40.565498 (ea082db3280dd6..., userDataDir: C:\Users\SERAJI~1\AppData\L...}, cssSelectorsEnabled: true, databaseEnabled: false, handlesAlerts: true, hasTouchScreen: false, javascriptEnabled: true, locationContextEnabled: true, mobileEmulationEnabled: false, nativeEvents: true, networkConnectionEnabled: false, pageLoadStrategy: normal, platform: XP, platformName: XP, rotatable: false, setWindowRect: true, takesHeapSnapshot: true, takesScreenshot: true, unexpectedAlertBehaviour: , unhandledPromptBehavior: , version: 69.0.3497.100, webStorageEnabled: true}
Session ID: c075194825ef4fb49f24354fe3f69635
at sun.reflect.NativeConstructorAccessorImpl.newInstance0(Native Method)
at sun.reflect.NativeConstructorAccessorImpl.newInstance(Unknown Source)
at sun.reflect.DelegatingConstructorAccessorImpl.newInstance(Unknown Source)
at java.lang.reflect.Constructor.newInstance(Unknown Source)
at org.openqa.selenium.remote.ErrorHandler.createThrowable(ErrorHandler.java:214)
at org.openqa.selenium.remote.ErrorHandler.throwIfResponseFailed(ErrorHandler.java:166)
at org.openqa.selenium.remote.http.JsonHttpResponseCodec.reconstructValue(JsonHttpResponseCodec.java:40)
at org.openqa.selenium.remote.http.AbstractHttpResponseCodec.decode(AbstractHttpResponseCodec.java:80)
at org.openqa.selenium.remote.http.AbstractHttpResponseCodec.decode(AbstractHttpResponseCodec.java:44)
at org.openqa.selenium.remote.HttpCommandExecutor.execute(HttpCommandExecutor.java:160)
at org.openqa.selenium.remote.service.DriverCommandExecutor.execute(DriverCommandExecutor.java:83)
at org.openqa.selenium.remote.RemoteWebDriver.execute(RemoteWebDriver.java:601)
at org.openqa.selenium.remote.RemoteWebElement.execute(RemoteWebElement.java:279)
at org.openqa.selenium.remote.RemoteWebElement.click(RemoteWebElement.java:83)
at com.qaclickacademy.TestCases.LandingPageTestCases.verifyLoginPage(LandingPageTestCases.java:159)
at sun.reflect.NativeMethodAccessorImpl.invoke0(Native Method)
at sun.reflect.NativeMethodAccessorImpl.invoke(Unknown Source)
at sun.reflect.DelegatingMethodAccessorImpl.invoke(Unknown Source)
at java.lang.reflect.Method.invoke(Unknown Source)
at org.testng.internal.MethodInvocationHelper.invokeMethod(MethodInvocationHelper.java:124)
at org.testng.internal.Invoker.invokeMethod(Invoker.java:580)
at org.testng.internal.Invoker.invokeTestMethod(Invoker.java:716)
at org.testng.internal.Invoker.invokeTestMethods(Invoker.java:988)
at org.testng.internal.TestMethodWorker.invokeTestMethods(TestMethodWorker.java:125)
at org.testng.internal.TestMethodWorker.run(TestMethodWorker.java:109)
at org.testng.TestRunner.privateRun(TestRunner.java:648)
at org.testng.TestRunner.run(TestRunner.java:505)
at org.testng.SuiteRunner.runTest(SuiteRunner.java:455)
at org.testng.SuiteRunner.runSequentially(SuiteRunner.java:450)
at org.testng.SuiteRunner.privateRun(SuiteRunner.java:415)
at org.testng.SuiteRunner.run(SuiteRunner.java:364)
at org.testng.SuiteRunnerWorker.runSuite(SuiteRunnerWorker.java:52)
at org.testng.SuiteRunnerWorker.run(SuiteRunnerWorker.java:84)
at org.testng.TestNG.runSuitesSequentially(TestNG.java:1208)
at org.testng.TestNG.runSuitesLocally(TestNG.java:1137)
at org.testng.TestNG.runSuites(TestNG.java:1049)
at org.testng.TestNG.run(TestNG.java:1017)
at org.testng.remote.AbstractRemoteTestNG.run(AbstractRemoteTestNG.java:114)
at org.testng.remote.RemoteTestNG.initAndRun(RemoteTestNG.java:251)
at org.testng.remote.RemoteTestNG.main(RemoteTestNG.java:77)
]]>
            </full-stacktrace>
          </exception> <!-- org.openqa.selenium.WebDriverException -->
          <reporter-output>
          </reporter-output>
        </test-method> <!-- verifyLoginPage -->
        <test-method status="PASS" signature="tearDown(org.testng.ITestResult)[pri:0, instance:com.qaclickacademy.TestCases.LandingPageTestCases@b62d79]" name="tearDown" is-config="true" duration-ms="1505" started-at="2018-10-27T19:26:50Z" finished-at="2018-10-27T19:26:51Z">
          <params>
            <param index="0">
              <value>
                <![CDATA[[TestResult name=verifyLoginPage status=FAILURE method=LandingPageTestCases.verifyLoginPage()[pri:10, instance:com.qaclickacademy.TestCases.LandingPageTestCases@b62d79] output={null}]]]>
              </value>
            </param>
          </params>
          <reporter-output>
          </reporter-output>
        </test-method> <!-- tearDown -->
      </class> <!-- com.qaclickacademy.TestCases.LandingPageTestCases -->
      <class name="com.qaclickacademy.TestCases.LoginPageTestCases">
        <test-method status="PASS" signature="startReport()[pri:0, instance:com.qaclickacademy.TestCases.LoginPageTestCases@2accdbb5]" name="startReport" is-config="true" duration-ms="292" started-at="2018-10-27T19:23:45Z" finished-at="2018-10-27T19:23:45Z">
          <reporter-output>
          </reporter-output>
        </test-method> <!-- startReport -->
        <test-method status="PASS" signature="setUp()[pri:0, instance:com.qaclickacademy.TestCases.LoginPageTestCases@2accdbb5]" name="setUp" is-config="true" duration-ms="16463" started-at="2018-10-27T19:23:46Z" finished-at="2018-10-27T19:24:02Z">
          <reporter-output>
          </reporter-output>
        </test-method> <!-- setUp -->
        <test-method status="PASS" signature="loginPageVerification()[pri:0, instance:com.qaclickacademy.TestCases.LoginPageTestCases@2accdbb5]" name="loginPageVerification" duration-ms="6488" started-at="2018-10-27T19:24:02Z" finished-at="2018-10-27T19:24:08Z">
          <reporter-output>
          </reporter-output>
        </test-method> <!-- loginPageVerification -->
        <test-method status="PASS" signature="tearDown(org.testng.ITestResult)[pri:0, instance:com.qaclickacademy.TestCases.LoginPageTestCases@2accdbb5]" name="tearDown" is-config="true" duration-ms="815" started-at="2018-10-27T19:24:08Z" finished-at="2018-10-27T19:24:09Z">
          <params>
            <param index="0">
              <value>
                <![CDATA[[TestResult name=loginPageVerification status=SUCCESS method=LoginPageTestCases.loginPageVerification()[pri:0, instance:com.qaclickacademy.TestCases.LoginPageTestCases@2accdbb5] output={null}]]]>
              </value>
            </param>
          </params>
          <reporter-output>
          </reporter-output>
        </test-method> <!-- tearDown -->
        <test-method status="PASS" signature="endReport()[pri:0, instance:com.qaclickacademy.TestCases.LoginPageTestCases@2accdbb5]" name="endReport" is-config="true" duration-ms="483" started-at="2018-10-27T19:26:51Z" finished-at="2018-10-27T19:26:52Z">
          <reporter-output>
          </reporter-output>
        </test-method> <!-- endReport -->
      </class> <!-- com.qaclickacademy.TestCases.LoginPageTestCases -->
    </test> <!-- Test -->
  </suite> <!-- Suite -->
</testng-results>
