<?xml version="1.0" encoding="UTF-8"?>
<!-- Generated by org.testng.reporters.JUnitXMLReporter -->
<testsuite hostname="DESKTOP-7VP1M3O" ignored="2" name="Test" tests="11" failures="4" timestamp="27 Oct 2018 19:26:51 GMT" time="185.648" errors="0">
  <testcase name="loginPageVerification" time="6.488" classname="com.qaclickacademy.TestCases.LoginPageTestCases"/>
  <testcase name="verifyHomePage" time="2.801" classname="com.qaclickacademy.TestCases.LandingPageTestCases"/>
  <testcase name="verifyCoursePage" time="6.504" classname="com.qaclickacademy.TestCases.LandingPageTestCases"/>
  <testcase name="verifyVideoPage" time="2.313" classname="com.qaclickacademy.TestCases.LandingPageTestCases">
    <failure type="java.lang.AssertionError" message="expected [QAClick Academy | Video Galery123] but found [QAClick Academy | Video Galery]">
      <![CDATA[java.lang.AssertionError: expected [QAClick Academy | Video Galery123] but found [QAClick Academy | Video Galery]
at com.qaclickacademy.TestCases.LandingPageTestCases.verifyVideoPage(LandingPageTestCases.java:91)
... Removed 31 stack frames]]>
    </failure>
  </testcase> <!-- verifyVideoPage -->
  <testcase name="verifyInterviewGuidePage" time="2.668" classname="com.qaclickacademy.TestCases.LandingPageTestCases"/>
  <testcase name="verifyPractisePage" time="5.985" classname="com.qaclickacademy.TestCases.LandingPageTestCases">
    <failure type="java.lang.AssertionError" message="expected [Practice Page12345] but found [Practice Page]">
      <![CDATA[java.lang.AssertionError: expected [Practice Page12345] but found [Practice Page]
at com.qaclickacademy.TestCases.LandingPageTestCases.verifyPractisePage(LandingPageTestCases.java:111)
... Removed 31 stack frames]]>
    </failure>
  </testcase> <!-- verifyPractisePage -->
  <testcase name="verifyBlogPage" time="3.536" classname="com.qaclickacademy.TestCases.LandingPageTestCases"/>
  <testcase name="verifyAboutPage" time="2.42" classname="com.qaclickacademy.TestCases.LandingPageTestCases">
    <failure type="java.lang.AssertionError" message="expected [QAClick Academy | About Us123] but found [QAClick Academy | About Us]">
      <![CDATA[java.lang.AssertionError: expected [QAClick Academy | About Us123] but found [QAClick Academy | About Us]
at com.qaclickacademy.TestCases.LandingPageTestCases.verifyAboutPage(LandingPageTestCases.java:132)
... Removed 31 stack frames]]>
    </failure>
  </testcase> <!-- verifyAboutPage -->
  <testcase name="verifyContactPage" time="3.882" classname="com.qaclickacademy.TestCases.LandingPageTestCases"/>
  <testcase name="verifyRegisterPage" time="2.832" classname="com.qaclickacademy.TestCases.LandingPageTestCases"/>
  <testcase name="verifyLoginPage" time="0.408" classname="com.qaclickacademy.TestCases.LandingPageTestCases">
    <failure type="org.openqa.selenium.WebDriverException" message="unknown error: Element &amp;lt;span&amp;gt;...&amp;lt;/span&amp;gt; is not clickable at point (1505, 15). Other element would receive the click: &amp;lt;div class=&amp;quot;listbuilder-popup-content&amp;quot;&amp;gt;...&amp;lt;/div&amp;gt;
  (Session info: chrome=69.0.3497.100)
  (Driver info: chromedriver=2.40.565498 (ea082db3280dd6843ebfb08a625e3eb905c4f5ab),platform=Windows NT 10.0.17134 x86_64) (WARNING: The server did not provide any stacktrace information)
Command duration or timeout: 0 milliseconds
Build info: version: &amp;apos;3.9.1&amp;apos;, revision: &amp;apos;63f7b50&amp;apos;, time: &amp;apos;2018-02-07T22:42:28.403Z&amp;apos;
System info: host: &amp;apos;DESKTOP-7VP1M3O&amp;apos;, ip: &amp;apos;192.168.1.26&amp;apos;, os.name: &amp;apos;Windows 10&amp;apos;, os.arch: &amp;apos;amd64&amp;apos;, os.version: &amp;apos;10.0&amp;apos;, java.version: &amp;apos;1.8.0_181&amp;apos;
Driver info: org.openqa.selenium.chrome.ChromeDriver
Capabilities {acceptInsecureCerts: false, acceptSslCerts: false, applicationCacheEnabled: false, browserConnectionEnabled: false, browserName: chrome, chrome: {chromedriverVersion: 2.40.565498 (ea082db3280dd6..., userDataDir: C:\Users\SERAJI~1\AppData\L...}, cssSelectorsEnabled: true, databaseEnabled: false, handlesAlerts: true, hasTouchScreen: false, javascriptEnabled: true, locationContextEnabled: true, mobileEmulationEnabled: false, nativeEvents: true, networkConnectionEnabled: false, pageLoadStrategy: normal, platform: XP, platformName: XP, rotatable: false, setWindowRect: true, takesHeapSnapshot: true, takesScreenshot: true, unexpectedAlertBehaviour: , unhandledPromptBehavior: , version: 69.0.3497.100, webStorageEnabled: true}
Session ID: c075194825ef4fb49f24354fe3f69635">
      <![CDATA[org.openqa.selenium.WebDriverException: unknown error: Element <span>...</span> is not clickable at point (1505, 15). Other element would receive the click: <div class="listbuilder-popup-content">...</div>
  (Session info: chrome=69.0.3497.100)
  (Driver info: chromedriver=2.40.565498 (ea082db3280dd6843ebfb08a625e3eb905c4f5ab),platform=Windows NT 10.0.17134 x86_64) (WARNING: The server did not provide any stacktrace information)
Command duration or timeout: 0 milliseconds
Build info: version: '3.9.1', revision: '63f7b50', time: '2018-02-07T22:42:28.403Z'
System info: host: 'DESKTOP-7VP1M3O', ip: '192.168.1.26', os.name: 'Windows 10', os.arch: 'amd64', os.version: '10.0', java.version: '1.8.0_181'
Driver info: org.openqa.selenium.chrome.ChromeDriver
Capabilities {acceptInsecureCerts: false, acceptSslCerts: false, applicationCacheEnabled: false, browserConnectionEnabled: false, browserName: chrome, chrome: {chromedriverVersion: 2.40.565498 (ea082db3280dd6..., userDataDir: C:\Users\SERAJI~1\AppData\L...}, cssSelectorsEnabled: true, databaseEnabled: false, handlesAlerts: true, hasTouchScreen: false, javascriptEnabled: true, locationContextEnabled: true, mobileEmulationEnabled: false, nativeEvents: true, networkConnectionEnabled: false, pageLoadStrategy: normal, platform: XP, platformName: XP, rotatable: false, setWindowRect: true, takesHeapSnapshot: true, takesScreenshot: true, unexpectedAlertBehaviour: , unhandledPromptBehavior: , version: 69.0.3497.100, webStorageEnabled: true}
Session ID: c075194825ef4fb49f24354fe3f69635
at org.openqa.selenium.remote.ErrorHandler.createThrowable(ErrorHandler.java:214)
at org.openqa.selenium.remote.ErrorHandler.throwIfResponseFailed(ErrorHandler.java:166)
at org.openqa.selenium.remote.http.JsonHttpResponseCodec.reconstructValue(JsonHttpResponseCodec.java:40)
at org.openqa.selenium.remote.http.AbstractHttpResponseCodec.decode(AbstractHttpResponseCodec.java:80)
at org.openqa.selenium.remote.http.AbstractHttpResponseCodec.decode(AbstractHttpResponseCodec.java:44)
at org.openqa.selenium.remote.HttpCommandExecutor.execute(HttpCommandExecutor.java:160)
at org.openqa.selenium.remote.service.DriverCommandExecutor.execute(DriverCommandExecutor.java:83)
at org.openqa.selenium.remote.RemoteWebDriver.execute(RemoteWebDriver.java:601)
at org.openqa.selenium.remote.RemoteWebElement.execute(RemoteWebElement.java:279)
at org.openqa.selenium.remote.RemoteWebElement.click(RemoteWebElement.java:83)
at com.qaclickacademy.TestCases.LandingPageTestCases.verifyLoginPage(LandingPageTestCases.java:159)
... Removed 29 stack frames]]>
    </failure>
  </testcase> <!-- verifyLoginPage -->
  <testcase name="@AfterSuite endReport" time="0.0" classname="com.qaclickacademy.baseclass.BaseClass">
    <ignored/>
  </testcase> <!-- @AfterSuite endReport -->
  <testcase name="@BeforeSuite startReport" time="0.0" classname="com.qaclickacademy.baseclass.BaseClass">
    <ignored/>
  </testcase> <!-- @BeforeSuite startReport -->
</testsuite> <!-- Test -->
